<?xml version="1.0" encoding="UTF-8"?>
<!-- Generated by org.testng.reporters.JUnitXMLReporter -->
<testsuite ignored="24" hostname="Siddig-HP" failures="0" tests="1" name="Home Page" time="36.888" errors="0" timestamp="17 Feb 2019 01:38:42 GMT">
  <testcase classname="AccountFeature" name="logout" time="22.088"/>
  <testcase classname="AccountFeature" name="connectsTest" time="0.0">
    <ignored/>
  </testcase> <!-- connectsTest -->
  <testcase classname="AccountFeature" name="searchTest" time="0.0">
    <ignored/>
  </testcase> <!-- searchTest -->
  <testcase classname="AccountFeature" name="jobPostTest" time="0.0">
    <ignored/>
  </testcase> <!-- jobPostTest -->
  <testcase classname="AccountFeature" name="safetyTest" time="0.0">
    <ignored/>
  </testcase> <!-- safetyTest -->
  <testcase classname="AccountFeature" name="free" time="0.0">
    <ignored/>
  </testcase> <!-- free -->
  <testcase classname="AccountFeature" name="legalTest" time="0.0">
    <ignored/>
  </testcase> <!-- legalTest -->
  <testcase classname="AccountFeature" name="gigsEventTest" time="0.0">
    <ignored/>
  </testcase> <!-- gigsEventTest -->
  <testcase classname="AccountFeature" name="musicTest" time="0.0">
    <ignored/>
  </testcase> <!-- musicTest -->
  <testcase classname="AccountFeature" name="feedbackTest" time="0.0">
    <ignored/>
  </testcase> <!-- feedbackTest -->
  <testcase classname="AccountFeature" name="houseTest" time="0.0">
    <ignored/>
  </testcase> <!-- houseTest -->
  <testcase classname="AccountFeature" name="resumesTest" time="0.0">
    <ignored/>
  </testcase> <!-- resumesTest -->
  <testcase classname="AccountFeature" name="eventCalendarTest" time="0.0">
    <ignored/>
  </testcase> <!-- eventCalendarTest -->
  <testcase classname="AccountFeature" name="housingSwabTest" time="0.0">
    <ignored/>
  </testcase> <!-- housingSwabTest -->
  <testcase classname="AccountFeature" name="login" time="0.0">
    <ignored/>
  </testcase> <!-- login -->
  <testcase classname="AccountFeature" name="aboyCraiglistTest" time="0.0">
    <ignored/>
  </testcase> <!-- aboyCraiglistTest -->
  <testcase classname="AccountFeature" name="termsTest" time="0.0">
    <ignored/>
  </testcase> <!-- termsTest -->
  <testcase classname="AccountFeature" name="searchCarDCTest" time="0.0">
    <ignored/>
  </testcase> <!-- searchCarDCTest -->
  <testcase classname="AccountFeature" name="foundALost" time="0.0">
    <ignored/>
  </testcase> <!-- foundALost -->
  <testcase classname="AccountFeature" name="compGigTest" time="0.0">
    <ignored/>
  </testcase> <!-- compGigTest -->
  <testcase classname="AccountFeature" name="privacyTest" time="0.0">
    <ignored/>
  </testcase> <!-- privacyTest -->
  <testcase classname="AccountFeature" name="SearchDCTest" time="0.0">
    <ignored/>
  </testcase> <!-- SearchDCTest -->
  <testcase classname="AccountFeature" name="laborMoveTest" time="0.0">
    <ignored/>
  </testcase> <!-- laborMoveTest -->
  <testcase classname="AccountFeature" name="govJobTest" time="0.0">
    <ignored/>
  </testcase> <!-- govJobTest -->
  <testcase classname="AccountFeature" name="activitiesTest" time="0.0">
    <ignored/>
  </testcase> <!-- activitiesTest -->
</testsuite> <!-- Home Page -->
