<?xml version="1.0" encoding="UTF-8"?>
<testng-results ignored="24" total="25" passed="1" failed="0" skipped="0">
  <reporter-output>
  </reporter-output>
  <suite started-at="2019-02-17T01:38:04Z" name="Craiglist App is running on Chrome Browser" finished-at="2019-02-17T01:38:41Z" duration-ms="36888">
    <groups>
    </groups>
    <test started-at="2019-02-17T01:38:04Z" name="Home Page" finished-at="2019-02-17T01:38:41Z" duration-ms="36888">
      <class name="AccountFeature">
        <test-method is-config="true" signature="setUp(boolean, java.lang.String, java.lang.String, java.lang.String, java.lang.String, java.lang.String, java.lang.String)[pri:0, instance:AccountFeature@4fce136b]" started-at="2019-02-17T01:38:04Z" name="setUp" finished-at="2019-02-17T01:38:18Z" duration-ms="13508" status="PASS">
          <params>
            <param index="0">
              <value>
                <![CDATA[false]]>
              </value>
            </param>
            <param index="1">
              <value>
                <![CDATA[mdalam]]>
              </value>
            </param>
            <param index="2">
              <value>
                <![CDATA[662b4ed7-1a59-4ab2-ae8c-2dfe1e32f4aa]]>
              </value>
            </param>
            <param index="3">
              <value>
                <![CDATA[https://www.craigslist.org/]]>
              </value>
            </param>
            <param index="4">
              <value>
                <![CDATA[mac]]>
              </value>
            </param>
            <param index="5">
              <value>
                <![CDATA[chrome]]>
              </value>
            </param>
            <param index="6">
              <value>
                <![CDATA[45.0.2454.93]]>
              </value>
            </param>
          </params>
          <reporter-output>
          </reporter-output>
        </test-method> <!-- setUp -->
        <test-method signature="logout()[pri:2, instance:AccountFeature@4fce136b]" started-at="2019-02-17T01:38:18Z" name="logout" finished-at="2019-02-17T01:38:40Z" duration-ms="22088" status="PASS">
          <reporter-output>
          </reporter-output>
        </test-method> <!-- logout -->
        <test-method is-config="true" signature="cleanUp()[pri:0, instance:AccountFeature@4fce136b]" started-at="2019-02-17T01:38:40Z" name="cleanUp" finished-at="2019-02-17T01:38:41Z" duration-ms="1194" status="PASS">
          <reporter-output>
          </reporter-output>
        </test-method> <!-- cleanUp -->
      </class> <!-- AccountFeature -->
    </test> <!-- Home Page -->
  </suite> <!-- Craiglist App is running on Chrome Browser -->
</testng-results>
